
> voice-ai-agent-frontend@0.1.0 start:mobile
> echo '启动移动端界面...' && react-scripts start

启动移动端界面...
(node:41323) [DEP_WEBPACK_DEV_SERVER_ON_AFTER_SETUP_MIDDLEWARE] DeprecationWarning: 'onAfterSetupMiddleware' option is deprecated. Please use the 'setupMiddlewares' option.
(Use `node --trace-deprecation ...` to show where the warning was created)
(node:41323) [DEP_WEBPACK_DEV_SERVER_ON_BEFORE_SETUP_MIDDLEWARE] DeprecationWarning: 'onBeforeSetupMiddleware' option is deprecated. Please use the 'setupMiddlewares' option.
Starting the development server...

Compiled with warnings.

[eslint] 
src/pages/MainPage/MainPage.js
  Line 185:8:  React Hook useCallback has a missing dependency: 'status'. Either include it or remove the dependency array                      react-hooks/exhaustive-deps
  Line 230:8:  React Hook useCallback has a missing dependency: 'executeToolAndHandleResult'. Either include it or remove the dependency array  react-hooks/exhaustive-deps

src/utils/TtsPolyfill.js
  Line 325:1:  Assign object to a variable before exporting as module default  import/no-anonymous-default-export

Search for the keywords to learn more about each warning.
To ignore, add // eslint-disable-next-line to the line before.

WARNING in [eslint] 
src/pages/MainPage/MainPage.js
  Line 185:8:  React Hook useCallback has a missing dependency: 'status'. Either include it or remove the dependency array                      react-hooks/exhaustive-deps
  Line 230:8:  React Hook useCallback has a missing dependency: 'executeToolAndHandleResult'. Either include it or remove the dependency array  react-hooks/exhaustive-deps

src/utils/TtsPolyfill.js
  Line 325:1:  Assign object to a variable before exporting as module default  import/no-anonymous-default-export

webpack compiled with 1 warning
(node:41323) [DEP0060] DeprecationWarning: The `util._extend` API is deprecated. Please use Object.assign() instead.
Proxy error: Could not proxy request /favicon.ico from localhost:3000 to http://localhost:8000.
See https://nodejs.org/api/errors.html#errors_common_system_errors for more information (ECONNREFUSED).

Proxy error: Could not proxy request /manifest.json from localhost:3000 to http://localhost:8000.
See https://nodejs.org/api/errors.html#errors_common_system_errors for more information (ECONNREFUSED).

Proxy error: Could not proxy request /api/v1/interpret from localhost:3000 to http://localhost:8000.
See https://nodejs.org/api/errors.html#errors_common_system_errors for more information (ECONNREFUSED).

The build failed because the process exited too early. This probably means the system ran out of memory or someone called `kill -9` on the process.
