2025-05-01 18:38:11 - ======================================
2025-05-01 18:38:11 -     全语音AI-Agent服务管理脚本       
2025-05-01 18:38:11 - ======================================
2025-05-01 18:38:11 - 检查并关闭已运行的服务...
2025-05-01 18:38:11 - 发现前端服务运行在端口3000，PID: 35286
36294，正在关闭...
2025-05-01 18:38:12 - ✅ 已关闭前端服务
2025-05-01 18:38:12 - 发现后端服务运行在端口8000，PID: 36507
36509
36902，正在关闭...
2025-05-01 18:38:13 - ✅ 已关闭后端服务
2025-05-01 18:38:13 - 正在启动后端服务...
2025-05-01 18:38:13 - 当前目录: /home/devbox/project/frontend
2025-05-01 18:39:18 - ======================================
2025-05-01 18:39:18 -     全语音AI-Agent服务管理脚本       
2025-05-01 18:39:18 - ======================================
2025-05-01 18:39:18 - 检查并关闭已运行的服务...
2025-05-01 18:39:18 - ✓ 未检测到运行中的前端服务
2025-05-01 18:39:18 - ✓ 未检测到运行中的后端服务
2025-05-01 18:39:18 - 正在启动后端服务...
2025-05-01 18:39:18 - 当前目录: /home/devbox/project/frontend
