2025-05-16 18:56:37.923 | INFO     | app.main:<module>:32 - 启动应用: AI Assistant API v0.1.0
2025-05-16 18:56:37.924 | INFO     | app.main:<module>:33 - 数据库: ai_assistant
2025-05-16 18:56:37.933 | INFO     | app.main:<module>:89 - ============================== Registered Routes ==============================
2025-05-16 18:56:37.933 | INFO     | app.main:<module>:92 - Path: /openapi.json, Methods: {'GET', 'HEAD'}, Name: openapi
2025-05-16 18:56:37.933 | INFO     | app.main:<module>:92 - Path: /docs, Methods: {'GET', 'HEAD'}, Name: swagger_ui_html
2025-05-16 18:56:37.933 | INFO     | app.main:<module>:92 - Path: /docs/oauth2-redirect, Methods: {'GET', 'HEAD'}, Name: swagger_ui_redirect
2025-05-16 18:56:37.933 | INFO     | app.main:<module>:92 - Path: /redoc, Methods: {'GET', 'HEAD'}, Name: redoc_html
2025-05-16 18:56:37.933 | INFO     | app.main:<module>:92 - Path: /, Methods: {'GET'}, Name: root
2025-05-16 18:56:37.933 | INFO     | app.main:<module>:92 - Path: /health, Methods: {'GET'}, Name: health_check
2025-05-16 18:56:37.933 | INFO     | app.main:<module>:92 - Path: /api/v1/interpret, Methods: {'POST'}, Name: process_intent
2025-05-16 18:56:37.933 | INFO     | app.main:<module>:92 - Path: /api/v1/execute, Methods: {'POST'}, Name: execute_tool
2025-05-16 18:56:37.934 | INFO     | app.main:<module>:92 - Path: /api/v1/tools, Methods: {'GET'}, Name: get_tools
2025-05-16 18:56:37.934 | INFO     | app.main:<module>:92 - Path: /api/v1/tools, Methods: {'GET'}, Name: get_tools
2025-05-16 18:56:37.934 | INFO     | app.main:<module>:92 - Path: /api/v1/auth/register, Methods: {'POST'}, Name: register
2025-05-16 18:56:37.934 | INFO     | app.main:<module>:92 - Path: /api/v1/auth/token, Methods: {'POST'}, Name: login_for_access_token
2025-05-16 18:56:37.934 | INFO     | app.main:<module>:92 - Path: /api/v1/auth/me, Methods: {'GET'}, Name: get_me
2025-05-16 18:56:37.934 | INFO     | app.main:<module>:96 - ==============================================================================
2025-05-16 18:56:50.037 | INFO     | app.main:<module>:32 - 启动应用: AI Assistant API v0.1.0
2025-05-16 18:56:50.037 | INFO     | app.main:<module>:33 - 数据库: ai_assistant
2025-05-16 18:56:50.046 | INFO     | app.main:<module>:89 - ============================== Registered Routes ==============================
2025-05-16 18:56:50.046 | INFO     | app.main:<module>:92 - Path: /openapi.json, Methods: {'GET', 'HEAD'}, Name: openapi
2025-05-16 18:56:50.046 | INFO     | app.main:<module>:92 - Path: /docs, Methods: {'GET', 'HEAD'}, Name: swagger_ui_html
2025-05-16 18:56:50.046 | INFO     | app.main:<module>:92 - Path: /docs/oauth2-redirect, Methods: {'GET', 'HEAD'}, Name: swagger_ui_redirect
2025-05-16 18:56:50.046 | INFO     | app.main:<module>:92 - Path: /redoc, Methods: {'GET', 'HEAD'}, Name: redoc_html
2025-05-16 18:56:50.046 | INFO     | app.main:<module>:92 - Path: /, Methods: {'GET'}, Name: root
2025-05-16 18:56:50.046 | INFO     | app.main:<module>:92 - Path: /health, Methods: {'GET'}, Name: health_check
2025-05-16 18:56:50.046 | INFO     | app.main:<module>:92 - Path: /api/v1/interpret, Methods: {'POST'}, Name: process_intent
2025-05-16 18:56:50.046 | INFO     | app.main:<module>:92 - Path: /api/v1/execute, Methods: {'POST'}, Name: execute_tool
2025-05-16 18:56:50.046 | INFO     | app.main:<module>:92 - Path: /api/v1/tools, Methods: {'GET'}, Name: get_tools
2025-05-16 18:56:50.046 | INFO     | app.main:<module>:92 - Path: /api/v1/tools, Methods: {'GET'}, Name: get_tools
2025-05-16 18:56:50.046 | INFO     | app.main:<module>:92 - Path: /api/v1/auth/register, Methods: {'POST'}, Name: register
2025-05-16 18:56:50.046 | INFO     | app.main:<module>:92 - Path: /api/v1/auth/token, Methods: {'POST'}, Name: login_for_access_token
2025-05-16 18:56:50.046 | INFO     | app.main:<module>:92 - Path: /api/v1/auth/me, Methods: {'GET'}, Name: get_me
2025-05-16 18:56:50.046 | INFO     | app.main:<module>:96 - ==============================================================================
