[2025-07-17 04:43:50] [INFO] 检查系统依赖...
[2025-07-17 04:43:50] [SUCCESS] 依赖检查通过
[2025-07-17 04:43:50] [WARNING] 端口 3000 被进程 34518 占用
[2025-07-17 04:43:50] [ERROR] 端口被其他进程占用
[2025-07-17 04:44:11] [INFO] 强制清理端口 3000 上的进程...
[2025-07-17 04:44:11] [INFO] 终止进程 34518
[2025-07-17 04:44:14] [INFO] 启动后端服务...
[2025-07-17 04:44:14] [INFO] 启动命令: source venv/bin/activate && python -m uvicorn app.main:app --host 0.0.0.0 --port 3000
[2025-07-17 04:44:14] [INFO] 日志文件: /home/devbox/project/backend/logs/backend_20250717_044414.log
[2025-07-17 04:44:14] [INFO] 服务已启动 (PID: 46416)，等待初始化...
[2025-07-17 04:44:16] [SUCCESS] 后端服务启动成功！
[2025-07-17 04:44:16] [INFO] 服务地址: http://localhost:3000
[2025-07-17 04:44:16] [INFO] API文档: http://localhost:3000/docs
[2025-07-17 04:44:16] [INFO] 健康检查: http://localhost:3000/health
[2025-07-17 04:44:33] [INFO] 检查系统依赖...
[2025-07-17 04:44:33] [SUCCESS] 依赖检查通过
[2025-07-17 04:44:33] [INFO] 开始监控后端服务
[2025-07-17 04:44:33] [INFO] 监控间隔: 30秒
[2025-07-17 04:44:33] [INFO] 最大重启次数: 5
[2025-07-17 04:44:43] [INFO] 停止后端服务...
[2025-07-17 04:44:43] [INFO] 正在停止服务 (PID: 46416)...
[2025-07-17 04:44:44] [INFO] 强制清理端口 3000 上的进程...
[2025-07-17 04:44:44] [INFO] 终止进程 46419
[2025-07-17 04:44:47] [SUCCESS] 后端服务已停止
[2025-07-17 04:45:22] [INFO] 检查系统依赖...
[2025-07-17 04:45:22] [SUCCESS] 依赖检查通过
[2025-07-17 04:45:22] [INFO] 开始监控后端服务
[2025-07-17 04:45:22] [INFO] 监控间隔: 30秒
[2025-07-17 04:45:22] [INFO] 最大重启次数: 5
[2025-07-17 04:45:22] [INFO] 服务未运行，正在启动...
[2025-07-17 04:45:22] [INFO] 启动后端服务...
[2025-07-17 04:45:22] [INFO] 启动命令: source venv/bin/activate && python -m uvicorn app.main:app --host 0.0.0.0 --port 3000
[2025-07-17 04:45:22] [INFO] 日志文件: /home/devbox/project/backend/logs/backend_20250717_044522.log
[2025-07-17 04:45:22] [INFO] 服务已启动 (PID: 48783)，等待初始化...
[2025-07-17 04:45:24] [SUCCESS] 后端服务启动成功！
[2025-07-17 04:45:24] [INFO] 服务地址: http://localhost:3000
[2025-07-17 04:45:24] [INFO] API文档: http://localhost:3000/docs
[2025-07-17 04:45:24] [INFO] 健康检查: http://localhost:3000/health
[2025-07-17 04:45:27] [INFO] 停止监控，保持服务运行
[2025-07-17 04:45:50] [INFO] 检查系统依赖...
[2025-07-17 04:45:50] [SUCCESS] 依赖检查通过
[2025-07-17 04:45:50] [INFO] 启动后端服务...
[2025-07-17 04:45:50] [INFO] 启动命令: source venv/bin/activate && python -m uvicorn app.main:app --host 0.0.0.0 --port 3000
[2025-07-17 04:45:50] [INFO] 日志文件: /home/devbox/project/backend/logs/backend_20250717_044550.log
[2025-07-17 04:45:50] [INFO] 服务已启动 (PID: 49917)，等待初始化...
[2025-07-17 04:45:52] [SUCCESS] 后端服务启动成功！
[2025-07-17 04:45:52] [INFO] 服务地址: http://localhost:3000
[2025-07-17 04:45:52] [INFO] API文档: http://localhost:3000/docs
[2025-07-17 04:45:52] [INFO] 健康检查: http://localhost:3000/health
[2025-07-17 04:51:33] [INFO] 检查系统依赖...
[2025-07-17 04:51:33] [SUCCESS] 依赖检查通过
[2025-07-17 04:51:33] [INFO] 安装系统服务以实现开机自启动...
[2025-07-17 04:51:33] [INFO] 创建systemd服务配置...
[2025-07-17 04:51:33] [SUCCESS] systemd服务文件已创建: /etc/systemd/system/ai-assistant-backend.service
[2025-07-17 04:51:33] [SUCCESS] 系统服务已启用，将在开机时自动启动
[2025-07-17 04:51:33] [ERROR] 启动系统服务失败
[2025-07-17 04:53:28] [INFO] 检查系统依赖...
[2025-07-17 04:53:28] [SUCCESS] 依赖检查通过
[2025-07-17 04:53:28] [INFO] 安装系统服务以实现开机自启动...
[2025-07-17 04:53:28] [INFO] 创建systemd服务配置...
[2025-07-17 04:53:28] [SUCCESS] systemd服务文件已创建: /etc/systemd/system/ai-assistant-backend.service
[2025-07-17 04:53:28] [SUCCESS] 系统服务已启用，将在开机时自动启动
[2025-07-17 04:53:28] [ERROR] 启动系统服务失败
[2025-07-17 04:53:36] [INFO] 检查系统依赖...
[2025-07-17 04:53:36] [SUCCESS] 依赖检查通过
[2025-07-17 04:53:36] [INFO] 安装系统服务以实现开机自启动...
[2025-07-17 04:53:36] [INFO] 创建systemd服务配置...
[2025-07-17 04:53:36] [SUCCESS] systemd服务文件已创建: /etc/systemd/system/ai-assistant-backend.service
[2025-07-17 04:53:36] [SUCCESS] 系统服务已启用，将在开机时自动启动
[2025-07-17 04:53:36] [ERROR] 启动系统服务失败
[2025-07-17 04:54:07] [INFO] 检查系统依赖...
[2025-07-17 04:54:07] [SUCCESS] 依赖检查通过
[2025-07-17 04:54:07] [INFO] 安装系统服务以实现开机自启动...
[2025-07-17 04:54:07] [INFO] 创建systemd服务配置...
[2025-07-17 04:54:07] [SUCCESS] systemd服务文件已创建: /etc/systemd/system/ai-assistant-backend.service
[2025-07-17 04:54:07] [SUCCESS] 系统服务已启用，将在开机时自动启动
[2025-07-17 04:54:07] [ERROR] 启动系统服务失败
[2025-07-17 04:54:46] [INFO] 检查系统依赖...
[2025-07-17 04:54:46] [SUCCESS] 依赖检查通过
[2025-07-17 04:54:46] [INFO] 安装系统服务以实现开机自启动...
[2025-07-17 04:54:46] [INFO] 创建systemd服务配置...
[2025-07-17 04:54:46] [SUCCESS] systemd服务文件已创建: /etc/systemd/system/ai-assistant-backend.service
[2025-07-17 04:54:46] [SUCCESS] 系统服务已启用，将在开机时自动启动
[2025-07-17 04:54:46] [ERROR] 启动系统服务失败
[2025-07-17 04:55:35] [INFO] 检查系统依赖...
[2025-07-17 04:55:35] [SUCCESS] 依赖检查通过
[2025-07-17 04:55:35] [ERROR] systemd不可用，无法安装系统服务
[2025-07-17 04:55:35] [INFO] 在容器环境中，请使用手动启动方式或容器编排工具管理服务
[2025-07-17 05:15:04] [INFO] 检查系统依赖...
[2025-07-17 05:15:05] [SUCCESS] 依赖检查通过
[2025-07-17 05:15:05] [INFO] 开始监控后端服务
[2025-07-17 05:15:05] [INFO] 监控间隔: 30秒
[2025-07-17 05:15:05] [INFO] 最大重启次数: 5
[2025-07-17 05:15:14] [INFO] 停止监控，保持服务运行
[2025-07-17 05:24:04] [INFO] 检查系统依赖...
[2025-07-17 05:24:05] [SUCCESS] 依赖检查通过
[2025-07-17 05:24:05] [INFO] 开始监控后端服务
[2025-07-17 05:24:05] [INFO] 监控间隔: 30秒
[2025-07-17 05:24:05] [INFO] 最大重启次数: 5
[2025-07-17 05:24:05] [INFO] 服务未运行，正在启动...
[2025-07-17 05:24:05] [INFO] 启动后端服务...
[2025-07-17 05:25:30] [INFO] 检查系统依赖...
[2025-07-17 05:25:31] [SUCCESS] 依赖检查通过
[2025-07-17 05:25:31] [INFO] 开始监控后端服务
[2025-07-17 05:25:31] [INFO] 监控间隔: 30秒
[2025-07-17 05:25:31] [INFO] 最大重启次数: 5
[2025-07-17 05:25:31] [INFO] 服务未运行，正在启动...
[2025-07-17 05:25:31] [INFO] 启动后端服务...
[2025-07-17 05:25:31] [INFO] 启动命令: source venv/bin/activate && python -m uvicorn app.main:app --host 0.0.0.0 --port 3000
[2025-07-17 05:25:31] [INFO] 日志文件: /home/devbox/project/backend/logs/backend_20250717_052531.log
[2025-07-17 05:25:31] [INFO] 服务已启动 (PID: 4918)，等待初始化...
[2025-07-17 05:25:31] [INFO] 等待服务启动...
[2025-07-17 05:25:33] [SUCCESS] 后端服务启动成功！
[2025-07-17 05:25:33] [INFO] 服务地址: http://localhost:3000
[2025-07-17 05:25:33] [INFO] API文档: http://localhost:3000/docs
[2025-07-17 05:25:33] [INFO] 健康检查: http://localhost:3000/health
[2025-07-17 05:25:39] [INFO] 停止监控，保持服务运行
[2025-07-17 05:25:54] [INFO] 停止后端服务...
[2025-07-17 05:25:54] [INFO] 正在停止服务 (PID: 4918)...
[2025-07-17 05:25:55] [INFO] 强制清理端口 3000 上的进程...
[2025-07-17 05:25:55] [INFO] 终止进程 4922
[2025-07-17 05:25:58] [SUCCESS] 后端服务已停止
[2025-07-17 05:29:38] [INFO] 检查系统依赖...
[2025-07-17 05:29:39] [SUCCESS] 依赖检查通过
[2025-07-17 05:29:39] [INFO] 开始监控后端服务
[2025-07-17 05:29:39] [INFO] 监控间隔: 30秒
[2025-07-17 05:29:39] [INFO] 最大重启次数: 5
[2025-07-17 05:29:39] [INFO] 服务未运行，正在启动...
[2025-07-17 05:29:39] [INFO] 启动后端服务...
[2025-07-17 05:29:39] [INFO] 启动命令: source venv/bin/activate && python -m uvicorn app.main:app --host 0.0.0.0 --port 3000
[2025-07-17 05:29:39] [INFO] 日志文件: /home/devbox/project/backend/logs/backend_20250717_052939.log
[2025-07-17 05:29:39] [INFO] 服务已启动 (PID: 12573)，等待初始化...
[2025-07-17 05:29:39] [INFO] 等待服务启动...
[2025-07-17 05:29:41] [SUCCESS] 后端服务启动成功！
[2025-07-17 05:29:41] [INFO] 服务地址: http://localhost:3000
[2025-07-17 05:29:41] [INFO] API文档: http://localhost:3000/docs
[2025-07-17 05:29:41] [INFO] 健康检查: http://localhost:3000/health
[2025-07-17 05:34:02] [INFO] 检查系统依赖...
[2025-07-17 05:34:03] [SUCCESS] 依赖检查通过
[2025-07-17 05:34:03] [WARNING] 端口 3000 被进程 12577 占用
[2025-07-17 05:34:03] [ERROR] 端口被其他进程占用
[2025-07-17 05:34:16] [INFO] 检查系统依赖...
[2025-07-17 05:34:17] [SUCCESS] 依赖检查通过
[2025-07-17 05:34:17] [INFO] 启动后端服务...
[2025-07-17 05:34:17] [INFO] 启动命令: source venv/bin/activate && python -m uvicorn app.main:app --host 0.0.0.0 --port 3000
[2025-07-17 05:34:17] [INFO] 日志文件: /home/devbox/project/backend/logs/backend_20250717_053417.log
[2025-07-17 05:34:17] [INFO] 服务已启动 (PID: 22198)，等待初始化...
[2025-07-17 05:34:17] [INFO] 等待服务启动...
[2025-07-17 05:34:19] [SUCCESS] 后端服务启动成功！
[2025-07-17 05:34:19] [INFO] 服务地址: http://localhost:3000
[2025-07-17 05:34:19] [INFO] API文档: http://localhost:3000/docs
[2025-07-17 05:34:19] [INFO] 健康检查: http://localhost:3000/health
[2025-07-17 05:34:25] [INFO] 停止监控，保持服务运行
[2025-07-17 06:23:25] [INFO] 检查系统依赖...
[2025-07-17 06:23:25] [SUCCESS] 依赖检查通过
[2025-07-17 06:23:26] [INFO] 启动后端服务...
[2025-07-17 06:23:26] [INFO] 启动命令: source venv/bin/activate && python -m uvicorn app.main:app --host 0.0.0.0 --port 3000
[2025-07-17 06:23:26] [INFO] 日志文件: /home/devbox/project/backend/logs/backend_20250717_062326.log
[2025-07-17 06:23:26] [INFO] 服务已启动 (PID: 31700)，等待初始化...
[2025-07-17 06:23:26] [INFO] 等待服务启动...
[2025-07-17 06:23:28] [SUCCESS] 后端服务启动成功！
[2025-07-17 06:23:28] [INFO] 服务地址: http://localhost:3000
[2025-07-17 06:23:28] [INFO] API文档: http://localhost:3000/docs
[2025-07-17 06:23:28] [INFO] 健康检查: http://localhost:3000/health
[2025-07-17 07:29:44] [INFO] 检查系统依赖...
[2025-07-17 07:29:45] [SUCCESS] 依赖检查通过
[2025-07-17 07:29:45] [INFO] 开始监控后端服务
[2025-07-17 07:29:45] [INFO] 监控间隔: 30秒
[2025-07-17 07:29:45] [INFO] 最大重启次数: 5
[2025-07-17 07:29:45] [INFO] 服务未运行，正在启动...
[2025-07-17 07:29:45] [INFO] 启动后端服务...
[2025-07-17 07:29:45] [INFO] 启动命令: source venv/bin/activate && python -m uvicorn app.main:app --host 0.0.0.0 --port 3000
[2025-07-17 07:29:45] [INFO] 日志文件: /home/devbox/project/backend/logs/backend_20250717_072945.log
[2025-07-17 07:29:45] [INFO] 服务已启动 (PID: 30789)，等待初始化...
[2025-07-17 07:29:45] [INFO] 等待服务启动...
[2025-07-17 07:29:47] [SUCCESS] 后端服务启动成功！
[2025-07-17 07:29:47] [INFO] 服务地址: http://localhost:3000
[2025-07-17 07:29:47] [INFO] API文档: http://localhost:3000/docs
[2025-07-17 07:29:47] [INFO] 健康检查: http://localhost:3000/health
[2025-07-17 07:47:16] [WARNING] 检测到服务异常
[2025-07-17 07:47:16] [INFO] 尝试重启服务 (第 1/5 次)
[2025-07-17 07:47:16] [INFO] 重启后端服务...
[2025-07-17 07:47:16] [INFO] 停止后端服务...
[2025-07-17 07:47:16] [INFO] 强制清理端口 3000 上的进程...
[2025-07-17 07:47:16] [INFO] 终止进程 8837
[2025-07-17 07:47:19] [INFO] 没有发现运行中的后端服务
[2025-07-17 07:47:21] [INFO] 启动后端服务...
[2025-07-17 07:47:21] [INFO] 启动命令: source venv/bin/activate && python -m uvicorn app.main:app --host 0.0.0.0 --port 3000
[2025-07-17 07:47:21] [INFO] 日志文件: /home/devbox/project/backend/logs/backend_20250717_074721.log
[2025-07-17 07:47:21] [INFO] 服务已启动 (PID: 10282)，等待初始化...
[2025-07-17 07:47:22] [INFO] 等待服务启动...
[2025-07-17 07:47:24] [SUCCESS] 后端服务启动成功！
[2025-07-17 07:47:24] [INFO] 服务地址: http://localhost:3000
[2025-07-17 07:47:24] [INFO] API文档: http://localhost:3000/docs
[2025-07-17 07:47:24] [INFO] 健康检查: http://localhost:3000/health
[2025-07-17 07:47:24] [SUCCESS] 服务重启成功
[2025-07-18 10:56:37] [INFO] 检查系统依赖...
[2025-07-18 10:56:37] [SUCCESS] 依赖检查通过
[2025-07-18 10:56:37] [INFO] 启动后端服务...
[2025-07-18 10:56:37] [INFO] 启动命令: source venv/bin/activate && python -m uvicorn app.main:app --host 0.0.0.0 --port 3000
[2025-07-18 10:56:37] [INFO] 日志文件: /home/devbox/project/backend/logs/backend_20250718_105637.log
[2025-07-18 10:56:37] [INFO] 服务已启动 (PID: 3771)，等待初始化...
[2025-07-18 10:56:37] [INFO] 等待服务启动...
[2025-07-18 10:56:39] [SUCCESS] 后端服务启动成功！
[2025-07-18 10:56:39] [INFO] 服务地址: http://localhost:3000
[2025-07-18 10:56:39] [INFO] API文档: http://localhost:3000/docs
[2025-07-18 10:56:39] [INFO] 健康检查: http://localhost:3000/health
[2025-07-18 12:36:40] [INFO] 检查系统依赖...
[2025-07-18 12:36:40] [SUCCESS] 依赖检查通过
[2025-07-18 12:36:40] [INFO] 启动后端服务...
[2025-07-18 12:36:40] [INFO] 启动命令: source venv/bin/activate && python -m uvicorn app.main:app --host 0.0.0.0 --port 3000
[2025-07-18 12:36:40] [INFO] 日志文件: /home/devbox/project/backend/logs/backend_20250718_123640.log
[2025-07-18 12:36:40] [INFO] 服务已启动 (PID: 26217)，等待初始化...
[2025-07-18 12:36:40] [INFO] 等待服务启动...
[2025-07-18 12:36:42] [SUCCESS] 后端服务启动成功！
[2025-07-18 12:36:42] [INFO] 服务地址: http://localhost:3000
[2025-07-18 12:36:42] [INFO] API文档: http://localhost:3000/docs
[2025-07-18 12:36:42] [INFO] 健康检查: http://localhost:3000/health
[2025-07-18 12:43:05] [INFO] 检查系统依赖...
[2025-07-18 12:43:06] [SUCCESS] 依赖检查通过
[2025-07-18 12:43:06] [INFO] 启动后端服务...
[2025-07-18 12:43:06] [INFO] 启动命令: source venv/bin/activate && python -m uvicorn app.main:app --host 0.0.0.0 --port 3000
[2025-07-18 12:43:06] [INFO] 日志文件: /home/devbox/project/backend/logs/backend_20250718_124306.log
[2025-07-18 12:43:06] [INFO] 服务已启动 (PID: 3045)，等待初始化...
[2025-07-18 12:43:06] [INFO] 等待服务启动...
[2025-07-18 12:43:08] [SUCCESS] 后端服务启动成功！
[2025-07-18 12:43:08] [INFO] 服务地址: http://localhost:3000
[2025-07-18 12:43:08] [INFO] API文档: http://localhost:3000/docs
[2025-07-18 12:43:08] [INFO] 健康检查: http://localhost:3000/health
[2025-07-18 12:54:31] [INFO] 检查系统依赖...
[2025-07-18 12:54:31] [SUCCESS] 依赖检查通过
[2025-07-18 12:54:31] [WARNING] 端口 3000 被进程 3049 占用
[2025-07-18 12:54:31] [ERROR] 端口被其他进程占用
[2025-07-18 13:31:30] [INFO] 检查系统依赖...
[2025-07-18 13:31:30] [SUCCESS] 依赖检查通过
[2025-07-18 13:31:30] [INFO] 启动后端服务...
[2025-07-18 13:31:30] [INFO] 启动命令: source venv/bin/activate && python -m uvicorn app.main:app --host 0.0.0.0 --port 3000
[2025-07-18 13:31:30] [INFO] 日志文件: /home/devbox/project/backend/logs/backend_20250718_133130.log
[2025-07-18 13:31:30] [INFO] 服务已启动 (PID: 54130)，等待初始化...
[2025-07-18 13:31:30] [INFO] 等待服务启动...
[2025-07-18 13:31:32] [SUCCESS] 后端服务启动成功！
[2025-07-18 13:31:32] [INFO] 服务地址: http://localhost:3000
[2025-07-18 13:31:32] [INFO] API文档: http://localhost:3000/docs
[2025-07-18 13:31:32] [INFO] 健康检查: http://localhost:3000/health
[2025-07-19 20:31:08] [INFO] 检查系统依赖...
[2025-07-19 20:31:08] [SUCCESS] 依赖检查通过
[2025-07-19 20:31:08] [INFO] 开始监控后端服务
[2025-07-19 20:31:08] [INFO] 监控间隔: 30秒
[2025-07-19 20:31:08] [INFO] 最大重启次数: 5
[2025-07-19 20:31:08] [INFO] 服务未运行，正在启动...
[2025-07-19 20:31:08] [INFO] 启动后端服务...
[2025-07-19 20:31:08] [INFO] 启动命令: source venv/bin/activate && python -m uvicorn app.main:app --host 0.0.0.0 --port 3000
[2025-07-19 20:31:08] [INFO] 日志文件: /home/devbox/project/backend/logs/backend_20250719_203108.log
[2025-07-19 20:31:08] [INFO] 服务已启动 (PID: 52898)，等待初始化...
[2025-07-19 20:31:08] [INFO] 等待服务启动...
[2025-07-19 20:31:10] [SUCCESS] 后端服务启动成功！
[2025-07-19 20:31:10] [INFO] 服务地址: http://localhost:3000
[2025-07-19 20:31:10] [INFO] API文档: http://localhost:3000/docs
[2025-07-19 20:31:10] [INFO] 健康检查: http://localhost:3000/health
