2025-05-01 18:46:16 - ======================================
2025-05-01 18:46:16 -     全语音AI-Agent服务管理脚本       
2025-05-01 18:46:16 - ======================================
2025-05-01 18:46:16 - 检查并关闭已运行的服务...
2025-05-01 18:46:16 - ✓ 未检测到运行中的前端服务
2025-05-01 18:46:17 - ✓ 未检测到运行中的后端服务
2025-05-01 18:46:17 - 正在启动后端服务...
2025-05-01 18:46:17 - 当前目录: /home/devbox/project/frontend
2025-05-01 18:46:17 - 进入后端目录: /home/devbox/project/backend
2025-05-01 18:46:17 - 启动命令: python -m uvicorn app.main:app --reload --port 8000
2025-05-01 18:46:17 - 等待后端服务启动...
2025-05-01 18:46:19 - 等待后端启动... (2s/30s)
2025-05-01 18:46:19 - ✅ 后端服务已成功启动 (PID: 38817)
2025-05-01 18:46:19 - 进入前端目录: /home/devbox/project/frontend
2025-05-01 18:46:19 - 启动命令: npm run start
2025-05-01 18:46:19 - 等待前端服务启动...
2025-05-01 18:46:21 - 等待前端启动... (2s/60s)
2025-05-01 18:46:24 - ✅ 前端服务已成功启动 (PID: 38910)
2025-05-01 18:46:24 - ======================================
2025-05-01 18:46:24 - 服务状态摘要:
2025-05-01 18:46:24 - 后端服务: 运行中 (PID: 38817, 端口: 8000)
2025-05-01 18:46:24 - 前端服务: 运行中 (PID: 38910, 端口: 3000)
2025-05-01 18:46:24 - 后端日志: ../backend/logs/backend_start.log
2025-05-01 18:46:24 - 前端日志: ./logs/frontend_start.log
2025-05-01 18:46:24 - 主日志: ../logs/service_start.log
2025-05-01 18:46:24 - ======================================
2025-05-01 18:46:24 - 要停止所有服务，请运行:
2025-05-01 18:46:24 - kill -9 38817 38910
2025-05-01 18:46:24 - 
2025-05-01 18:46:24 - 可以通过浏览器访问: http://localhost:3000
2025-05-01 18:46:24 - ======================================
2025-05-01 19:16:00 - ======================================
2025-05-01 19:16:00 -     全语音AI-Agent服务管理脚本       
2025-05-01 19:16:00 - ======================================
2025-05-01 19:16:00 - 检查并关闭已运行的服务...
2025-05-01 19:16:00 - 发现前端服务运行在端口3000，PID: 40435
41323，正在关闭...
2025-05-01 19:16:01 - ✅ 已关闭前端服务
2025-05-01 19:16:02 - ✓ 未检测到运行中的后端服务
2025-05-01 19:16:02 - 正在启动后端服务...
2025-05-01 19:16:02 - 当前目录: /home/devbox/project/frontend
2025-05-01 19:16:02 - 进入后端目录: /home/devbox/project/backend
2025-05-01 19:16:02 - 启动命令: python -m uvicorn app.main:app --reload --port 8000
2025-05-01 19:16:02 - 等待后端服务启动...
2025-05-01 19:16:44 - ======================================
2025-05-01 19:16:44 -     全语音AI-Agent服务管理脚本       
2025-05-01 19:16:44 - ======================================
2025-05-01 19:16:44 - 检查并关闭已运行的服务...
2025-05-01 19:16:44 - ✓ 未检测到运行中的前端服务
2025-05-01 19:16:44 - ✓ 未检测到运行中的后端服务
2025-05-01 19:16:44 - 正在启动后端服务...
2025-05-01 19:16:44 - 当前目录: /home/devbox/project/frontend
2025-05-01 19:16:44 - 进入后端目录: /home/devbox/project/backend
2025-05-01 19:16:44 - 启动命令: python -m uvicorn app.main:app --reload --port 8000
2025-05-01 19:16:44 - 等待后端服务启动...
2025-05-01 19:16:46 - 等待后端启动... (2s/30s)
2025-05-01 19:16:48 - 等待后端启动... (4s/30s)
2025-05-01 19:16:48 - ✅ 后端服务已成功启动 (PID: 42211)
2025-05-01 19:16:48 - 进入前端目录: /home/devbox/project/frontend
2025-05-01 19:16:48 - 启动命令: npm run start
2025-05-01 19:16:48 - 等待前端服务启动...
2025-05-01 19:16:50 - 等待前端启动... (2s/60s)
2025-05-01 19:16:52 - 等待前端启动... (4s/60s)
2025-05-01 19:17:12 - ✅ 前端服务已成功启动 (PID: 42300)
2025-05-01 19:17:12 - ======================================
2025-05-01 19:17:12 - 服务状态摘要:
2025-05-01 19:17:12 - 后端服务: 运行中 (PID: 42211, 端口: 8000)
2025-05-01 19:17:12 - 前端服务: 运行中 (PID: 42300, 端口: 3000)
2025-05-01 19:17:12 - 后端日志: ../backend/logs/backend_start.log
2025-05-01 19:17:12 - 前端日志: ./logs/frontend_start.log
2025-05-01 19:17:12 - 主日志: ../logs/service_start.log
2025-05-01 19:17:12 - ======================================
2025-05-01 19:17:12 - 要停止所有服务，请运行:
2025-05-01 19:17:12 - kill -9 42211 42300
2025-05-01 19:17:12 - 
2025-05-01 19:17:12 - 可以通过浏览器访问: http://localhost:3000
2025-05-01 19:17:12 - ======================================
2025-05-01 19:35:55 - ======================================
2025-05-01 19:35:55 -     全语音AI-Agent服务管理脚本       
2025-05-01 19:35:55 - ======================================
2025-05-01 19:35:55 - 检查并关闭已运行的服务...
2025-05-01 19:35:55 - 发现前端服务运行在端口3000，PID: 41635
42345，正在关闭...
2025-05-01 19:35:56 - ✅ 已关闭前端服务
2025-05-01 19:35:56 - 发现额外的React进程，正在关闭...
2025-05-01 19:35:56 - 关闭React进程 PID: 42332
2025-05-01 19:35:56 - 关闭React进程 PID: 42333
2025-05-01 19:35:56 - ✅ 已关闭所有React相关进程
2025-05-01 19:35:56 - 发现后端服务运行在端口8000，PID: 42211
42219
42827，正在关闭...
2025-05-01 19:36:41 - ======================================
2025-05-01 19:36:41 -     全语音AI-Agent服务管理脚本       
2025-05-01 19:36:41 - ======================================
2025-05-01 19:36:41 - 检查并关闭已运行的服务...
2025-05-01 19:36:41 - ✓ 未检测到运行中的前端服务
2025-05-01 19:36:41 - ✓ 未检测到运行中的后端服务
2025-05-01 19:36:41 - 正在启动后端服务...
2025-05-01 19:36:41 - 当前目录: /home/devbox/project/frontend
2025-05-01 19:36:41 - 进入后端目录: /home/devbox/project/backend
2025-05-01 19:36:41 - 启动命令: python -m uvicorn app.main:app --reload --port 8000
2025-05-01 19:36:41 - 等待后端服务启动...
2025-05-01 19:36:43 - 等待后端启动... (2s/30s)
2025-05-01 19:36:45 - 等待后端启动... (4s/30s)
2025-05-01 19:36:47 - 等待后端启动... (6s/30s)
2025-05-01 19:36:47 - ✅ 后端服务已成功启动 (PID: 43835)
2025-05-01 19:36:47 - 进入前端目录: /home/devbox/project/frontend
2025-05-01 19:36:47 - 启动命令: npm run start
2025-05-01 19:36:47 - 等待前端服务启动...
2025-05-01 19:36:49 - 等待前端启动... (2s/60s)
2025-05-01 19:36:51 - 等待前端启动... (4s/60s)
2025-05-01 19:36:53 - 等待前端启动... (6s/60s)
2025-05-01 19:37:00 - ✅ 前端服务已成功启动 (PID: 44022)
2025-05-01 19:37:00 - ======================================
2025-05-01 19:37:00 - 服务状态摘要:
2025-05-01 19:37:00 - 后端服务: 运行中 (PID: 43835, 端口: 8000)
2025-05-01 19:37:00 - 前端服务: 运行中 (PID: 44022, 端口: 3000)
2025-05-01 19:37:00 - 后端日志: ../backend/logs/backend_start.log
2025-05-01 19:37:00 - 前端日志: ./logs/frontend_start.log
2025-05-01 19:37:00 - 主日志: ../logs/service_start.log
2025-05-01 19:37:00 - ======================================
2025-05-01 19:37:00 - 要停止所有服务，请运行:
2025-05-01 19:37:00 - kill -9 43835 44022
2025-05-01 19:37:00 - 
2025-05-01 19:37:00 - 可以通过浏览器访问: http://localhost:3000
2025-05-01 19:37:00 - ======================================
2025-05-01 19:55:13 - ======================================
2025-05-01 19:55:13 -     全语音AI-Agent服务管理脚本       
2025-05-01 19:55:13 - ======================================
2025-05-01 19:55:13 - 检查并关闭已运行的服务...
2025-05-01 19:55:13 - 发现前端服务运行在端口3000，PID: 43274
44060，正在关闭...
2025-05-01 19:55:14 - ✅ 已关闭前端服务
2025-05-01 19:55:14 - 发现后端服务运行在端口8000，PID: 43835
43868
44339，正在关闭...
2025-05-01 19:55:15 - ✅ 已关闭后端服务
2025-05-01 19:55:59 - ======================================
2025-05-01 19:55:59 -     全语音AI-Agent服务管理脚本       
2025-05-01 19:55:59 - ======================================
2025-05-01 19:55:59 - 检查并关闭已运行的服务...
2025-05-01 19:55:59 - ✓ 未检测到运行中的前端服务
2025-05-01 19:55:59 - ✓ 未检测到运行中的后端服务
2025-05-01 19:55:59 - 正在启动后端服务...
2025-05-01 19:55:59 - 当前目录: /home/devbox/project/frontend
2025-05-01 19:55:59 - 进入后端目录: /home/devbox/project/backend
2025-05-01 19:55:59 - 启动命令: python -m uvicorn app.main:app --reload --port 8000
2025-05-01 19:55:59 - 等待后端服务启动...
2025-05-01 19:56:02 - 等待后端启动... (2s/30s)
2025-05-01 19:56:04 - 等待后端启动... (4s/30s)
2025-05-01 19:56:04 - ✅ 后端服务已成功启动 (PID: 45648)
2025-05-01 19:56:04 - 进入前端目录: /home/devbox/project/frontend
2025-05-01 19:56:04 - 启动命令: npm run start
2025-05-01 19:56:04 - 等待前端服务启动...
2025-05-01 19:56:06 - 等待前端启动... (2s/60s)
2025-05-01 19:56:08 - 等待前端启动... (4s/60s)
2025-05-01 19:56:10 - 等待前端启动... (6s/60s)
2025-05-01 19:56:14 - ✅ 前端服务已成功启动 (PID: 45811)
2025-05-01 19:56:14 - ======================================
2025-05-01 19:56:14 - 服务状态摘要:
2025-05-01 19:56:14 - 后端服务: 运行中 (PID: 45648, 端口: 8000)
2025-05-01 19:56:14 - 前端服务: 运行中 (PID: 45811, 端口: 3000)
2025-05-01 19:56:14 - 后端日志: ../backend/logs/backend_start.log
2025-05-01 19:56:14 - 前端日志: ./logs/frontend_start.log
2025-05-01 19:56:14 - 主日志: ../logs/service_start.log
2025-05-01 19:56:14 - ======================================
2025-05-01 19:56:14 - 要停止所有服务，请运行:
2025-05-01 19:56:14 - kill -9 45648 45811
2025-05-01 19:56:14 - 
2025-05-01 19:56:14 - 可以通过浏览器访问: http://localhost:3000
2025-05-01 19:56:14 - ======================================
2025-05-01 20:08:25 - ======================================
2025-05-01 20:08:25 -     全语音AI-Agent服务管理脚本       
2025-05-01 20:08:25 - ======================================
2025-05-01 20:08:25 - 检查并关闭已运行的服务...
2025-05-01 20:08:26 - 发现前端服务运行在端口3000，PID: 45050
45836，正在关闭...
2025-05-01 20:08:27 - ✅ 已关闭前端服务
2025-05-01 20:08:27 - 发现额外的React进程，正在关闭...
2025-05-01 20:08:27 - 关闭React进程 PID: 45825
2025-05-01 20:08:27 - 关闭React进程 PID: 45826
2025-05-01 20:08:27 - ✅ 已关闭所有React相关进程
2025-05-01 20:08:27 - 发现后端服务运行在端口8000，PID: 45648
45655
46117，正在关闭...
2025-05-01 20:09:14 - ======================================
2025-05-01 20:09:14 -     全语音AI-Agent服务管理脚本       
2025-05-01 20:09:14 - ======================================
2025-05-01 20:09:14 - 检查并关闭已运行的服务...
2025-05-01 20:09:14 - ✓ 未检测到运行中的前端服务
2025-05-01 20:09:14 - ✓ 未检测到运行中的后端服务
2025-05-01 20:09:14 - 正在启动后端服务...
2025-05-01 20:09:14 - 当前目录: /home/devbox/project/frontend
2025-05-01 20:09:14 - 进入后端目录: /home/devbox/project/backend
2025-05-01 20:09:14 - 启动命令: python -m uvicorn app.main:app --reload --port 8000
2025-05-01 20:09:14 - 等待后端服务启动...
2025-05-01 20:09:16 - 等待后端启动... (2s/30s)
2025-05-01 20:09:18 - 等待后端启动... (4s/30s)
2025-05-01 20:09:18 - ✅ 后端服务已成功启动 (PID: 47357)
2025-05-01 20:09:18 - 进入前端目录: /home/devbox/project/frontend
2025-05-01 20:09:18 - 启动命令: npm run start
2025-05-01 20:09:18 - 等待前端服务启动...
2025-05-01 20:09:20 - 等待前端启动... (2s/60s)
2025-05-01 20:09:22 - 等待前端启动... (4s/60s)
2025-05-01 20:09:26 - ✅ 前端服务已成功启动 (PID: 47484)
2025-05-01 20:09:26 - ======================================
2025-05-01 20:09:26 - 服务状态摘要:
2025-05-01 20:09:26 - 后端服务: 运行中 (PID: 47357, 端口: 8000)
2025-05-01 20:09:26 - 前端服务: 运行中 (PID: 47484, 端口: 3000)
2025-05-01 20:09:26 - 后端日志: ../backend/logs/backend_start.log
2025-05-01 20:09:26 - 前端日志: ./logs/frontend_start.log
2025-05-01 20:09:26 - 主日志: ../logs/service_start.log
2025-05-01 20:09:26 - ======================================
2025-05-01 20:09:26 - 要停止所有服务，请运行:
2025-05-01 20:09:26 - kill -9 47357 47484
2025-05-01 20:09:26 - 
2025-05-01 20:09:26 - 可以通过浏览器访问: http://localhost:3000
2025-05-01 20:09:26 - ======================================
2025-05-01 20:19:01 - ======================================
2025-05-01 20:19:01 -     全语音AI-Agent服务管理脚本       
2025-05-01 20:19:01 - ======================================
2025-05-01 20:19:01 - 检查并关闭已运行的服务...
2025-05-01 20:19:01 - ✓ 未检测到运行中的前端服务
2025-05-01 20:19:01 - ✓ 未检测到运行中的后端服务
2025-05-01 20:19:01 - 正在启动后端服务...
2025-05-01 20:19:01 - 当前目录: /home/devbox/project/frontend
2025-05-01 20:19:01 - 进入后端目录: /home/devbox/project/backend
2025-05-01 20:19:01 - 启动命令: python -m uvicorn app.main:app --reload --port 8000
2025-05-01 20:19:01 - 等待后端服务启动...
2025-05-01 20:19:03 - 等待后端启动... (2s/30s)
2025-05-01 20:19:03 - ✅ 后端服务已成功启动 (PID: 48015)
2025-05-01 20:19:03 - 进入前端目录: /home/devbox/project/frontend
2025-05-01 20:19:03 - 启动命令: npm run start
2025-05-01 20:19:03 - 等待前端服务启动...
2025-05-01 20:19:05 - 等待前端启动... (2s/60s)
2025-05-01 20:19:09 - ✅ 前端服务已成功启动 (PID: 48078)
2025-05-01 20:19:09 - ======================================
2025-05-01 20:19:09 - 服务状态摘要:
2025-05-01 20:19:09 - 后端服务: 运行中 (PID: 48015, 端口: 8000)
2025-05-01 20:19:09 - 前端服务: 运行中 (PID: 48078, 端口: 3000)
2025-05-01 20:19:09 - 后端日志: ../backend/logs/backend_start.log
2025-05-01 20:19:09 - 前端日志: ./logs/frontend_start.log
2025-05-01 20:19:09 - 主日志: ../logs/service_start.log
2025-05-01 20:19:09 - ======================================
2025-05-01 20:19:09 - 要停止所有服务，请运行:
2025-05-01 20:19:09 - kill -9 48015 48078
2025-05-01 20:19:09 - 
2025-05-01 20:19:09 - 可以通过浏览器访问: http://localhost:3000
2025-05-01 20:19:09 - ======================================
2025-05-01 20:23:59 - ======================================
2025-05-01 20:23:59 -     全语音AI-Agent服务管理脚本       
2025-05-01 20:23:59 - ======================================
2025-05-01 20:23:59 - 检查并关闭已运行的服务...
2025-05-01 20:23:59 - ✓ 未检测到运行中的前端服务
2025-05-01 20:23:59 - ✓ 未检测到运行中的后端服务
2025-05-01 20:23:59 - 正在启动后端服务...
2025-05-01 20:23:59 - 当前目录: /home/devbox/project/frontend
2025-05-01 20:23:59 - 进入后端目录: /home/devbox/project/backend
2025-05-01 20:23:59 - 启动命令: python -m uvicorn app.main:app --reload --port 8000
2025-05-01 20:23:59 - 等待后端服务启动...
2025-05-01 20:24:01 - 等待后端启动... (2s/30s)
2025-05-01 20:24:01 - ✅ 后端服务已成功启动 (PID: 48393)
2025-05-01 20:24:01 - 进入前端目录: /home/devbox/project/frontend
2025-05-01 20:24:01 - 启动命令: npm run start
2025-05-01 20:24:01 - 等待前端服务启动...
2025-05-01 20:24:03 - 等待前端启动... (2s/60s)
2025-05-01 20:24:06 - ✅ 前端服务已成功启动 (PID: 48434)
2025-05-01 20:24:06 - ======================================
2025-05-01 20:24:06 - 服务状态摘要:
2025-05-01 20:24:06 - 后端服务: 运行中 (PID: 48393, 端口: 8000)
2025-05-01 20:24:06 - 前端服务: 运行中 (PID: 48434, 端口: 3000)
2025-05-01 20:24:06 - 后端日志: ../backend/logs/backend_start.log
2025-05-01 20:24:06 - 前端日志: ./logs/frontend_start.log
2025-05-01 20:24:06 - 主日志: ../logs/service_start.log
2025-05-01 20:24:06 - ======================================
2025-05-01 20:24:06 - 要停止所有服务，请运行:
2025-05-01 20:24:06 - kill -9 48393 48434
2025-05-01 20:24:06 - 
2025-05-01 20:24:06 - 可以通过浏览器访问: http://localhost:3000
2025-05-01 20:24:06 - ======================================
2025-05-01 20:28:23 - ======================================
2025-05-01 20:28:23 -     全语音AI-Agent服务管理脚本       
2025-05-01 20:28:23 - ======================================
2025-05-01 20:28:23 - 检查并关闭已运行的服务...
2025-05-01 20:28:23 - ✓ 未检测到运行中的前端服务
2025-05-01 20:28:23 - ✓ 未检测到运行中的后端服务
2025-05-01 20:28:23 - 正在启动后端服务...
2025-05-01 20:28:23 - 当前目录: /home/devbox/project/frontend
2025-05-01 20:28:23 - 进入后端目录: /home/devbox/project/backend
2025-05-01 20:28:23 - 启动命令: python -m uvicorn app.main:app --reload --port 8000
2025-05-01 20:28:23 - 等待后端服务启动...
2025-05-01 20:28:25 - 等待后端启动... (2s/30s)
2025-05-01 20:28:25 - ✅ 后端服务已成功启动 (PID: 48742)
2025-05-01 20:28:25 - 进入前端目录: /home/devbox/project/frontend
2025-05-01 20:28:25 - 启动命令: npm run start
2025-05-01 20:28:25 - 等待前端服务启动...
2025-05-01 20:28:27 - 等待前端启动... (2s/60s)
2025-05-01 20:28:30 - ✅ 前端服务已成功启动 (PID: 48805)
2025-05-01 20:28:30 - ======================================
2025-05-01 20:28:30 - 服务状态摘要:
2025-05-01 20:28:30 - 后端服务: 运行中 (PID: 48742, 端口: 8000)
2025-05-01 20:28:30 - 前端服务: 运行中 (PID: 48805, 端口: 3000)
2025-05-01 20:28:30 - 后端日志: ../backend/logs/backend_start.log
2025-05-01 20:28:30 - 前端日志: ./logs/frontend_start.log
2025-05-01 20:28:30 - 主日志: ../logs/service_start.log
2025-05-01 20:28:30 - ======================================
2025-05-01 20:28:30 - 要停止所有服务，请运行:
2025-05-01 20:28:30 - kill -9 48742 48805
2025-05-01 20:28:30 - 
2025-05-01 20:28:30 - 可以通过浏览器访问: http://localhost:3000
2025-05-01 20:28:30 - ======================================
2025-05-01 20:33:03 - ======================================
2025-05-01 20:33:03 -     全语音AI-Agent服务管理脚本       
2025-05-01 20:33:03 - ======================================
2025-05-01 20:33:03 - 检查并关闭已运行的服务...
2025-05-01 20:33:03 - ✓ 未检测到运行中的前端服务
2025-05-01 20:33:03 - ✓ 未检测到运行中的后端服务
2025-05-01 20:33:03 - 正在启动后端服务...
2025-05-01 20:33:03 - 当前目录: /home/devbox/project/frontend
2025-05-01 20:33:03 - 进入后端目录: /home/devbox/project/backend
2025-05-01 20:33:03 - 启动命令: python -m uvicorn app.main:app --reload --port 8000
2025-05-01 20:33:03 - 等待后端服务启动...
2025-05-01 20:33:06 - 等待后端启动... (2s/30s)
2025-05-01 20:33:06 - ✅ 后端服务已成功启动 (PID: 49108)
2025-05-01 20:33:06 - 进入前端目录: /home/devbox/project/frontend
2025-05-01 20:33:06 - 启动命令: npm run start
2025-05-01 20:33:06 - 等待前端服务启动...
2025-05-01 20:33:08 - 等待前端启动... (2s/60s)
2025-05-01 20:33:11 - ✅ 前端服务已成功启动 (PID: 49171)
2025-05-01 20:33:11 - ======================================
2025-05-01 20:33:11 - 服务状态摘要:
2025-05-01 20:33:11 - 后端服务: 运行中 (PID: 49108, 端口: 8000)
2025-05-01 20:33:11 - 前端服务: 运行中 (PID: 49171, 端口: 3000)
2025-05-01 20:33:11 - 后端日志: ../backend/logs/backend_start.log
2025-05-01 20:33:11 - 前端日志: ./logs/frontend_start.log
2025-05-01 20:33:11 - 主日志: ../logs/service_start.log
2025-05-01 20:33:11 - ======================================
2025-05-01 20:33:11 - 要停止所有服务，请运行:
2025-05-01 20:33:11 - kill -9 49108 49171
2025-05-01 20:33:11 - 
2025-05-01 20:33:11 - 可以通过浏览器访问: http://localhost:3000
2025-05-01 20:33:11 - ======================================
2025-05-01 20:40:28 - ======================================
2025-05-01 20:40:28 -     全语音AI-Agent服务管理脚本       
2025-05-01 20:40:28 - ======================================
2025-05-01 20:40:28 - 检查并关闭已运行的服务...
2025-05-01 20:40:28 - ✓ 未检测到运行中的前端服务
2025-05-01 20:40:28 - ✓ 未检测到运行中的后端服务
2025-05-01 20:40:28 - 正在启动后端服务...
2025-05-01 20:40:28 - 当前目录: /home/devbox/project/frontend
2025-05-01 20:40:28 - 进入后端目录: /home/devbox/project/backend
2025-05-01 20:40:28 - 启动命令: python -m uvicorn app.main:app --reload --port 8000
2025-05-01 20:40:28 - 等待后端服务启动...
2025-05-01 20:40:30 - 等待后端启动... (2s/30s)
2025-05-01 20:40:30 - ✅ 后端服务已成功启动 (PID: 49504)
2025-05-01 20:40:30 - 进入前端目录: /home/devbox/project/frontend
2025-05-01 20:40:30 - 启动命令: npm run start
2025-05-01 20:40:30 - 等待前端服务启动...
2025-05-01 20:40:32 - 等待前端启动... (2s/60s)
2025-05-01 20:40:35 - ✅ 前端服务已成功启动 (PID: 49545)
2025-05-01 20:40:35 - ======================================
2025-05-01 20:40:35 - 服务状态摘要:
2025-05-01 20:40:35 - 后端服务: 运行中 (PID: 49504, 端口: 8000)
2025-05-01 20:40:35 - 前端服务: 运行中 (PID: 49545, 端口: 3000)
2025-05-01 20:40:35 - 后端日志: ../backend/logs/backend_start.log
2025-05-01 20:40:35 - 前端日志: ./logs/frontend_start.log
2025-05-01 20:40:35 - 主日志: ../logs/service_start.log
2025-05-01 20:40:35 - ======================================
2025-05-01 20:40:35 - 要停止所有服务，请运行:
2025-05-01 20:40:35 - kill -9 49504 49545
2025-05-01 20:40:35 - 
2025-05-01 20:40:35 - 可以通过浏览器访问: http://localhost:3000
2025-05-01 20:40:35 - ======================================
2025-05-01 20:45:03 - ======================================
2025-05-01 20:45:03 -     全语音AI-Agent服务管理脚本       
2025-05-01 20:45:03 - ======================================
2025-05-01 20:45:03 - 检查并关闭已运行的服务...
2025-05-01 20:45:03 - ✓ 未检测到运行中的前端服务
2025-05-01 20:45:03 - ✓ 未检测到运行中的后端服务
2025-05-01 20:45:03 - 正在启动后端服务...
2025-05-01 20:45:03 - 当前目录: /home/devbox/project/frontend
2025-05-01 20:45:03 - 进入后端目录: /home/devbox/project/backend
2025-05-01 20:45:03 - 启动命令: python -m uvicorn app.main:app --reload --port 8000
2025-05-01 20:45:03 - 等待后端服务启动...
2025-05-01 20:45:05 - 等待后端启动... (2s/30s)
2025-05-01 20:45:05 - ✅ 后端服务已成功启动 (PID: 49975)
2025-05-01 20:45:05 - 进入前端目录: /home/devbox/project/frontend
2025-05-01 20:45:05 - 启动命令: npm run start
2025-05-01 20:45:05 - 等待前端服务启动...
2025-05-01 20:45:07 - 等待前端启动... (2s/60s)
2025-05-01 20:45:10 - ✅ 前端服务已成功启动 (PID: 50041)
2025-05-01 20:45:10 - ======================================
2025-05-01 20:45:10 - 服务状态摘要:
2025-05-01 20:45:10 - 后端服务: 运行中 (PID: 49975, 端口: 8000)
2025-05-01 20:45:10 - 前端服务: 运行中 (PID: 50041, 端口: 3000)
2025-05-01 20:45:10 - 后端日志: ../backend/logs/backend_start.log
2025-05-01 20:45:10 - 前端日志: ./logs/frontend_start.log
2025-05-01 20:45:10 - 主日志: ../logs/service_start.log
2025-05-01 20:45:10 - ======================================
2025-05-01 20:45:10 - 要停止所有服务，请运行:
2025-05-01 20:45:10 - kill -9 49975 50041
2025-05-01 20:45:10 - 
2025-05-01 20:45:10 - 请通过浏览器访问: http://localhost:3000/classic
2025-05-01 20:45:10 - ⚠️ 重要提示：确保使用 /classic 路径访问修改后的语音确认页面
2025-05-01 20:45:10 - ======================================
2025-05-01 20:49:34 - ======================================
2025-05-01 20:49:34 -     全语音AI-Agent服务管理脚本       
2025-05-01 20:49:34 - ======================================
2025-05-01 20:49:34 - 检查并关闭已运行的服务...
2025-05-01 20:49:34 - ✓ 未检测到运行中的前端服务
2025-05-01 20:49:34 - ✓ 未检测到运行中的后端服务
2025-05-01 20:49:34 - 正在启动后端服务...
2025-05-01 20:49:34 - 当前目录: /home/devbox/project/frontend
2025-05-01 20:49:34 - 进入后端目录: /home/devbox/project/backend
2025-05-01 20:49:34 - 启动命令: python -m uvicorn app.main:app --reload --port 8000
2025-05-01 20:49:34 - 等待后端服务启动...
2025-05-01 20:49:36 - 等待后端启动... (2s/30s)
2025-05-01 20:49:36 - ✅ 后端服务已成功启动 (PID: 50534)
2025-05-01 20:49:36 - 进入前端目录: /home/devbox/project/frontend
2025-05-01 20:49:36 - 启动命令: npm run start
2025-05-01 20:49:36 - 等待前端服务启动...
2025-05-01 20:49:38 - 等待前端启动... (2s/60s)
2025-05-01 20:49:42 - ✅ 前端服务已成功启动 (PID: 50575)
2025-05-01 20:49:42 - ======================================
2025-05-01 20:49:42 - 服务状态摘要:
2025-05-01 20:49:42 - 后端服务: 运行中 (PID: 50534, 端口: 8000)
2025-05-01 20:49:42 - 前端服务: 运行中 (PID: 50575, 端口: 3000)
2025-05-01 20:49:42 - 后端日志: ../backend/logs/backend_start.log
2025-05-01 20:49:42 - 前端日志: ./logs/frontend_start.log
2025-05-01 20:49:42 - 主日志: ../logs/service_start.log
2025-05-01 20:49:42 - ======================================
2025-05-01 20:49:42 - 要停止所有服务，请运行:
2025-05-01 20:49:42 - kill -9 50534 50575
2025-05-01 20:49:42 - 
2025-05-01 20:49:42 - 请通过浏览器访问: http://localhost:3000
2025-05-01 20:49:42 - ======================================
2025-05-01 20:51:49 - ======================================
2025-05-01 20:51:49 -     全语音AI-Agent服务管理脚本       
2025-05-01 20:51:49 - ======================================
2025-05-01 20:51:49 - 检查并关闭已运行的服务...
2025-05-01 20:51:49 - ✓ 未检测到运行中的前端服务
2025-05-01 20:51:49 - ✓ 未检测到运行中的后端服务
2025-05-01 20:51:49 - 正在启动后端服务...
2025-05-01 20:51:49 - 当前目录: /home/devbox/project/frontend
2025-05-01 20:51:49 - 进入后端目录: /home/devbox/project/backend
2025-05-01 20:51:49 - 启动命令: python -m uvicorn app.main:app --reload --port 8000
2025-05-01 20:51:49 - 等待后端服务启动...
2025-05-01 20:51:51 - 等待后端启动... (2s/30s)
2025-05-01 20:51:51 - ✅ 后端服务已成功启动 (PID: 50912)
2025-05-01 20:51:51 - 进入前端目录: /home/devbox/project/frontend
2025-05-01 20:51:51 - 启动命令: npm run start
2025-05-01 20:51:51 - 等待前端服务启动...
2025-05-01 20:51:53 - 等待前端启动... (2s/60s)
2025-05-01 20:51:56 - ✅ 前端服务已成功启动 (PID: 50953)
2025-05-01 20:51:56 - ======================================
2025-05-01 20:51:56 - 服务状态摘要:
2025-05-01 20:51:56 - 后端服务: 运行中 (PID: 50912, 端口: 8000)
2025-05-01 20:51:56 - 前端服务: 运行中 (PID: 50953, 端口: 3000)
2025-05-01 20:51:56 - 后端日志: ../backend/logs/backend_start.log
2025-05-01 20:51:56 - 前端日志: ./logs/frontend_start.log
2025-05-01 20:51:56 - 主日志: ../logs/service_start.log
2025-05-01 20:51:56 - ======================================
2025-05-01 20:51:56 - 要停止所有服务，请运行:
2025-05-01 20:51:56 - kill -9 50912 50953
2025-05-01 20:51:57 - 
2025-05-01 20:51:57 - 请通过浏览器访问: http://localhost:3000
2025-05-01 20:51:57 - 如需访问修改后的确认对话框版本，请访问: http://localhost:3000/classic
2025-05-01 20:51:57 - ======================================
2025-05-01 20:55:40 - ======================================
2025-05-01 20:55:40 -     全语音AI-Agent服务管理脚本       
2025-05-01 20:55:40 - ======================================
2025-05-01 20:55:40 - 检查并关闭已运行的服务...
2025-05-01 20:55:40 - 发现前端服务运行在端口3000，PID: 46665
50975，正在关闭...
2025-05-01 20:55:41 - ✅ 已关闭前端服务
2025-05-01 20:55:41 - 发现后端服务运行在端口8000，PID: 50912
50917，正在关闭...
2025-05-01 21:02:59 - ======================================
2025-05-01 21:02:59 -     全语音AI-Agent服务管理脚本       
2025-05-01 21:02:59 - ======================================
2025-05-01 21:02:59 - 检查并关闭已运行的服务...
2025-05-01 21:02:59 - ✓ 未检测到运行中的前端服务
2025-05-01 21:02:59 - ✓ 未检测到运行中的后端服务
2025-05-01 21:02:59 - 正在启动后端服务...
2025-05-01 21:02:59 - 当前目录: /home/devbox/project/frontend
2025-05-01 21:02:59 - 进入后端目录: /home/devbox/project/backend
2025-05-01 21:02:59 - 启动命令: python -m uvicorn app.main:app --reload --port 8000
2025-05-01 21:02:59 - 等待后端服务启动...
2025-05-01 21:03:01 - 等待后端启动... (2s/30s)
2025-05-01 21:03:01 - ✅ 后端服务已成功启动 (PID: 52318)
2025-05-01 21:03:01 - 进入前端目录: /home/devbox/project/frontend
2025-05-01 21:03:01 - 启动命令: npm run start
2025-05-01 21:03:01 - 等待前端服务启动...
2025-05-01 21:03:03 - 等待前端启动... (2s/60s)
2025-05-01 21:03:08 - ✅ 前端服务已成功启动 (PID: 52359)
2025-05-01 21:03:08 - ======================================
2025-05-01 21:03:08 - 服务状态摘要:
2025-05-01 21:03:08 - 后端服务: 运行中 (PID: 52318, 端口: 8000)
2025-05-01 21:03:08 - 前端服务: 运行中 (PID: 52359, 端口: 3000)
2025-05-01 21:03:08 - 后端日志: ../backend/logs/backend_start.log
2025-05-01 21:03:08 - 前端日志: ./logs/frontend_start.log
2025-05-01 21:03:08 - 主日志: ../logs/service_start.log
2025-05-01 21:03:08 - ======================================
2025-05-01 21:03:08 - 要停止所有服务，请运行:
2025-05-01 21:03:08 - kill -9 52318 52359
2025-05-01 21:03:08 - 
2025-05-01 21:03:08 - 请通过浏览器访问: http://localhost:3000
2025-05-01 21:03:08 - 如需访问修改后的确认对话框版本，请访问: http://localhost:3000/classic
2025-05-01 21:03:08 - ======================================
2025-05-01 21:08:06 - ======================================
2025-05-01 21:08:06 -     全语音AI-Agent服务管理脚本       
2025-05-01 21:08:06 - ======================================
2025-05-01 21:08:06 - 检查并关闭已运行的服务...
2025-05-01 21:08:06 - ✓ 未检测到运行中的前端服务
2025-05-01 21:08:06 - ✓ 未检测到运行中的后端服务
2025-05-01 21:08:06 - 正在启动后端服务...
2025-05-01 21:08:06 - 当前目录: /home/devbox/project/frontend
2025-05-01 21:08:06 - 进入后端目录: /home/devbox/project/backend
2025-05-01 21:08:06 - 启动命令: python -m uvicorn app.main:app --reload --port 8000
2025-05-01 21:08:06 - 等待后端服务启动...
2025-05-01 21:08:08 - 等待后端启动... (2s/30s)
2025-05-01 21:08:08 - ✅ 后端服务已成功启动 (PID: 52715)
2025-05-01 21:08:08 - 进入前端目录: /home/devbox/project/frontend
2025-05-01 21:08:08 - 启动命令: npm run start
2025-05-01 21:08:08 - 等待前端服务启动...
2025-05-01 21:08:10 - 等待前端启动... (2s/60s)
2025-05-01 21:08:13 - ✅ 前端服务已成功启动 (PID: 52778)
2025-05-01 21:08:13 - ======================================
2025-05-01 21:08:13 - 服务状态摘要:
2025-05-01 21:08:13 - 后端服务: 运行中 (PID: 52715, 端口: 8000)
2025-05-01 21:08:13 - 前端服务: 运行中 (PID: 52778, 端口: 3000)
2025-05-01 21:08:13 - 后端日志: ../backend/logs/backend_start.log
2025-05-01 21:08:13 - 前端日志: ./logs/frontend_start.log
2025-05-01 21:08:13 - 主日志: ../logs/service_start.log
2025-05-01 21:08:13 - ======================================
2025-05-01 21:08:13 - 要停止所有服务，请运行:
2025-05-01 21:08:13 - kill -9 52715 52778
2025-05-01 21:08:13 - 
2025-05-01 21:08:13 - 请通过浏览器访问: http://localhost:3000
2025-05-01 21:08:13 - 如需访问修改后的确认对话框版本，请访问: http://localhost:3000/classic
2025-05-01 21:08:13 - ======================================
2025-05-01 21:13:17 - ======================================
2025-05-01 21:13:17 -     全语音AI-Agent服务管理脚本       
2025-05-01 21:13:17 - ======================================
2025-05-01 21:13:17 - 检查并关闭已运行的服务...
2025-05-01 21:13:17 - 发现前端服务运行在端口3000，PID: 51368
52800，正在关闭...
2025-05-01 21:13:18 - ✅ 已关闭前端服务
2025-05-01 21:13:18 - 发现后端服务运行在端口8000，PID: 52715
52720，正在关闭...
2025-05-01 21:13:19 - ✅ 已关闭后端服务
2025-05-01 21:13:19 - 正在启动后端服务...
2025-05-01 21:13:19 - 当前目录: /home/devbox/project/frontend
2025-05-01 21:13:19 - 进入后端目录: /home/devbox/project/backend
2025-05-01 21:13:19 - 启动命令: python -m uvicorn app.main:app --reload --port 8000
2025-05-01 21:13:19 - 等待后端服务启动...
2025-05-01 21:14:01 - ======================================
2025-05-01 21:14:01 -     全语音AI-Agent服务管理脚本       
2025-05-01 21:14:01 - ======================================
2025-05-01 21:14:01 - 检查并关闭已运行的服务...
2025-05-01 21:14:01 - ✓ 未检测到运行中的前端服务
2025-05-01 21:14:02 - ✓ 未检测到运行中的后端服务
2025-05-01 21:14:02 - 正在启动后端服务...
2025-05-01 21:14:02 - 当前目录: /home/devbox/project/frontend
2025-05-01 21:14:02 - 进入后端目录: /home/devbox/project/backend
2025-05-01 21:14:02 - 启动命令: python -m uvicorn app.main:app --reload --port 8000
2025-05-01 21:14:02 - 等待后端服务启动...
2025-05-01 21:14:04 - 等待后端启动... (2s/30s)
2025-05-01 21:14:06 - 等待后端启动... (4s/30s)
2025-05-01 21:14:08 - 等待后端启动... (6s/30s)
2025-05-01 21:14:08 - ✅ 后端服务已成功启动 (PID: 53715)
2025-05-01 21:14:08 - 进入前端目录: /home/devbox/project/frontend
2025-05-01 21:14:08 - 启动命令: npm run start
2025-05-01 21:14:08 - 等待前端服务启动...
2025-05-01 21:14:10 - 等待前端启动... (2s/60s)
2025-05-01 21:14:12 - 等待前端启动... (4s/60s)
2025-05-01 21:14:14 - 等待前端启动... (6s/60s)
2025-05-01 21:14:22 - ✅ 前端服务已成功启动 (PID: 53915)
2025-05-01 21:14:22 - ======================================
2025-05-01 21:14:22 - 服务状态摘要:
2025-05-01 21:14:22 - 后端服务: 运行中 (PID: 53715, 端口: 8000)
2025-05-01 21:14:22 - 前端服务: 运行中 (PID: 53915, 端口: 3000)
2025-05-01 21:14:22 - 后端日志: ../backend/logs/backend_start.log
2025-05-01 21:14:22 - 前端日志: ./logs/frontend_start.log
2025-05-01 21:14:22 - 主日志: ../logs/service_start.log
2025-05-01 21:14:22 - ======================================
2025-05-01 21:14:22 - 要停止所有服务，请运行:
2025-05-01 21:14:22 - kill -9 53715 53915
2025-05-01 21:14:22 - 
2025-05-01 21:14:22 - 请通过浏览器访问: http://localhost:3000
2025-05-01 21:14:22 - 如需访问修改后的确认对话框版本，请访问: http://localhost:3000/classic
2025-05-01 21:14:22 - ======================================
2025-05-01 21:24:21 - ======================================
2025-05-01 21:24:21 -     全语音AI-Agent服务管理脚本       
2025-05-01 21:24:21 - ======================================
2025-05-01 21:24:21 - 检查并关闭已运行的服务...
2025-05-01 21:24:21 - ✓ 未检测到运行中的前端服务
2025-05-01 21:24:21 - ✓ 未检测到运行中的后端服务
2025-05-01 21:24:21 - 正在启动后端服务...
2025-05-01 21:24:21 - 当前目录: /home/devbox/project/frontend
2025-05-01 21:24:21 - 进入后端目录: /home/devbox/project/backend
2025-05-01 21:24:21 - 启动命令: python -m uvicorn app.main:app --reload --port 8000
2025-05-01 21:24:21 - 等待后端服务启动...
2025-05-01 21:24:23 - 等待后端启动... (2s/30s)
2025-05-01 21:24:23 - ✅ 后端服务已成功启动 (PID: 55016)
2025-05-01 21:24:24 - 进入前端目录: /home/devbox/project/frontend
2025-05-01 21:24:24 - 启动命令: npm run start
2025-05-01 21:24:24 - 等待前端服务启动...
2025-05-01 21:24:26 - 等待前端启动... (2s/60s)
2025-05-01 21:24:29 - ✅ 前端服务已成功启动 (PID: 55057)
2025-05-01 21:24:29 - ======================================
2025-05-01 21:24:29 - 服务状态摘要:
2025-05-01 21:24:29 - 后端服务: 运行中 (PID: 55016, 端口: 8000)
2025-05-01 21:24:29 - 前端服务: 运行中 (PID: 55057, 端口: 3000)
2025-05-01 21:24:29 - 后端日志: ../backend/logs/backend_start.log
2025-05-01 21:24:29 - 前端日志: ./logs/frontend_start.log
2025-05-01 21:24:29 - 主日志: ../logs/service_start.log
2025-05-01 21:24:29 - ======================================
2025-05-01 21:24:29 - 要停止所有服务，请运行:
2025-05-01 21:24:29 - kill -9 55016 55057
2025-05-01 21:24:29 - 
2025-05-01 21:24:29 - 请通过浏览器访问: http://localhost:3000
2025-05-01 21:24:29 - 如需访问修改后的确认对话框版本，请访问: http://localhost:3000/classic
2025-05-01 21:24:29 - ======================================
2025-05-01 21:30:31 - ======================================
2025-05-01 21:30:31 -     全语音AI-Agent服务管理脚本       
2025-05-01 21:30:31 - ======================================
2025-05-01 21:30:31 - 检查并关闭已运行的服务...
2025-05-01 21:30:31 - ✓ 未检测到运行中的前端服务
2025-05-01 21:30:31 - ✓ 未检测到运行中的后端服务
2025-05-01 21:30:31 - 正在启动后端服务...
2025-05-01 21:30:31 - 当前目录: /home/devbox/project/frontend
2025-05-01 21:30:31 - 进入后端目录: /home/devbox/project/backend
2025-05-01 21:30:31 - 启动命令: python -m uvicorn app.main:app --reload --port 8000
2025-05-01 21:30:31 - 等待后端服务启动...
2025-05-01 21:30:33 - 等待后端启动... (2s/30s)
2025-05-01 21:30:33 - ✅ 后端服务已成功启动 (PID: 55528)
2025-05-01 21:30:33 - 进入前端目录: /home/devbox/project/frontend
2025-05-01 21:30:33 - 启动命令: npm run start
2025-05-01 21:30:33 - 等待前端服务启动...
2025-05-01 21:30:35 - 等待前端启动... (2s/60s)
2025-05-01 21:30:39 - ✅ 前端服务已成功启动 (PID: 55569)
2025-05-01 21:30:39 - ======================================
2025-05-01 21:30:39 - 服务状态摘要:
2025-05-01 21:30:39 - 后端服务: 运行中 (PID: 55528, 端口: 8000)
2025-05-01 21:30:39 - 前端服务: 运行中 (PID: 55569, 端口: 3000)
2025-05-01 21:30:39 - 后端日志: ../backend/logs/backend_start.log
2025-05-01 21:30:39 - 前端日志: ./logs/frontend_start.log
2025-05-01 21:30:39 - 主日志: ../logs/service_start.log
2025-05-01 21:30:39 - ======================================
2025-05-01 21:30:39 - 要停止所有服务，请运行:
2025-05-01 21:30:39 - kill -9 55528 55569
2025-05-01 21:30:39 - 
2025-05-01 21:30:39 - 请通过浏览器访问: http://localhost:3000
2025-05-01 21:30:39 - 如需访问修改后的确认对话框版本，请访问: http://localhost:3000/classic
2025-05-01 21:30:39 - ======================================
2025-05-01 21:38:39 - ======================================
2025-05-01 21:38:39 -     全语音AI-Agent服务管理脚本       
2025-05-01 21:38:39 - ======================================
2025-05-01 21:38:39 - 检查并关闭已运行的服务...
2025-05-01 21:38:39 - 发现前端服务运行在端口3000，PID: 53229
56302，正在关闭...
2025-05-01 21:38:40 - ✅ 已关闭前端服务
2025-05-01 21:38:40 - 发现额外的React进程，正在关闭...
2025-05-01 21:38:40 - 关闭React进程 PID: 56294
2025-05-01 21:38:40 - 关闭React进程 PID: 56295
2025-05-01 21:38:40 - ✅ 已关闭所有React相关进程
2025-05-01 21:38:40 - ✓ 未检测到运行中的后端服务
2025-05-01 21:38:40 - 正在启动后端服务...
2025-05-01 21:38:40 - 当前目录: /home/devbox/project/frontend
2025-05-01 21:38:40 - 进入后端目录: /home/devbox/project/backend
2025-05-01 21:38:40 - 启动命令: python -m uvicorn app.main:app --reload --port 8000
2025-05-01 21:38:40 - 等待后端服务启动...
2025-05-01 21:38:42 - 等待后端启动... (2s/30s)
2025-05-01 21:38:42 - ✅ 后端服务已成功启动 (PID: 56490)
2025-05-01 21:38:42 - 进入前端目录: /home/devbox/project/frontend
2025-05-01 21:38:42 - 启动命令: npm run start
2025-05-01 21:38:42 - 等待前端服务启动...
2025-05-01 21:39:36 - ======================================
2025-05-01 21:39:36 -     全语音AI-Agent服务管理脚本       
2025-05-01 21:39:36 - ======================================
2025-05-01 21:39:37 - 检查并关闭已运行的服务...
2025-05-01 21:39:37 - ✓ 未检测到运行中的前端服务
2025-05-01 21:39:37 - ✓ 未检测到运行中的后端服务
2025-05-01 21:39:37 - 正在启动后端服务...
2025-05-01 21:39:37 - 当前目录: /home/devbox/project/frontend
2025-05-01 21:39:37 - 进入后端目录: /home/devbox/project/backend
2025-05-01 21:39:37 - 启动命令: python -m uvicorn app.main:app --reload --port 8000
2025-05-01 21:39:37 - 等待后端服务启动...
2025-05-01 21:39:39 - 等待后端启动... (2s/30s)
2025-05-01 21:39:41 - 等待后端启动... (4s/30s)
2025-05-01 21:39:43 - 等待后端启动... (6s/30s)
2025-05-01 21:39:43 - ✅ 后端服务已成功启动 (PID: 57340)
2025-05-01 21:39:43 - 进入前端目录: /home/devbox/project/frontend
2025-05-01 21:39:43 - 启动命令: npm run start
2025-05-01 21:39:43 - 等待前端服务启动...
2025-05-01 21:39:45 - 等待前端启动... (2s/60s)
2025-05-01 21:39:51 - ✅ 前端服务已成功启动 (PID: 57434)
2025-05-01 21:39:51 - ======================================
2025-05-01 21:39:51 - 服务状态摘要:
2025-05-01 21:39:51 - 后端服务: 运行中 (PID: 57340, 端口: 8000)
2025-05-01 21:39:51 - 前端服务: 运行中 (PID: 57434, 端口: 3000)
2025-05-01 21:39:51 - 后端日志: ../backend/logs/backend_start.log
2025-05-01 21:39:51 - 前端日志: ./logs/frontend_start.log
2025-05-01 21:39:51 - 主日志: ../logs/service_start.log
2025-05-01 21:39:51 - ======================================
2025-05-01 21:39:51 - 要停止所有服务，请运行:
2025-05-01 21:39:51 - kill -9 57340 57434
2025-05-01 21:39:51 - 
2025-05-01 21:39:51 - 请通过浏览器访问: http://localhost:3000
2025-05-01 21:39:51 - 如需访问修改后的确认对话框版本，请访问: http://localhost:3000/classic
2025-05-01 21:39:51 - ======================================
2025-05-01 21:53:08 - ======================================
2025-05-01 21:53:08 -     全语音AI-Agent服务管理脚本       
2025-05-01 21:53:08 - ======================================
2025-05-01 21:53:08 - 检查并关闭已运行的服务...
2025-05-01 21:53:08 - 发现前端服务运行在端口3000，PID: 56602
57456，正在关闭...
2025-05-01 21:53:09 - ✅ 已关闭前端服务
2025-05-01 21:53:09 - 发现额外的React进程，正在关闭...
2025-05-01 21:53:09 - 关闭React进程 PID: 57448
2025-05-01 21:53:09 - 关闭React进程 PID: 57449
2025-05-01 21:53:09 - 关闭React进程 PID: 57949
2025-05-01 21:53:09 - 关闭React进程 PID: 57950
2025-05-01 21:53:09 - 关闭React进程 PID: 57957
2025-05-01 21:53:09 - ✅ 已关闭所有React相关进程
2025-05-01 21:53:09 - 发现后端服务运行在端口8000，PID: 57340
57349
58038，正在关闭...
2025-05-01 21:53:50 - ======================================
2025-05-01 21:53:50 -     全语音AI-Agent服务管理脚本       
2025-05-01 21:53:50 - ======================================
2025-05-01 21:53:50 - 检查并关闭已运行的服务...
2025-05-01 21:53:50 - ✓ 未检测到运行中的前端服务
2025-05-01 21:53:50 - ✓ 未检测到运行中的后端服务
2025-05-01 21:53:50 - 正在启动后端服务...
2025-05-01 21:53:50 - 当前目录: /home/devbox/project/frontend
2025-05-01 21:53:50 - 进入后端目录: /home/devbox/project/backend
2025-05-01 21:53:50 - 启动命令: python -m uvicorn app.main:app --reload --port 8000
2025-05-01 21:53:50 - 等待后端服务启动...
2025-05-01 21:53:52 - 等待后端启动... (2s/30s)
2025-05-01 21:53:54 - 等待后端启动... (4s/30s)
2025-05-01 21:53:56 - 等待后端启动... (6s/30s)
2025-05-01 21:53:56 - ✅ 后端服务已成功启动 (PID: 58890)
2025-05-01 21:53:56 - 进入前端目录: /home/devbox/project/frontend
2025-05-01 21:53:56 - 启动命令: npm run start
2025-05-01 21:53:56 - 等待前端服务启动...
2025-05-01 21:53:58 - 等待前端启动... (2s/60s)
2025-05-01 21:54:00 - 等待前端启动... (4s/60s)
2025-05-01 21:54:02 - ✅ 前端服务已成功启动 (PID: 59076)
2025-05-01 21:54:02 - ======================================
2025-05-01 21:54:02 - 服务状态摘要:
2025-05-01 21:54:02 - 后端服务: 运行中 (PID: 58890, 端口: 8000)
2025-05-01 21:54:02 - 前端服务: 运行中 (PID: 59076, 端口: 3000)
2025-05-01 21:54:02 - 后端日志: ../backend/logs/backend_start.log
2025-05-01 21:54:02 - 前端日志: ./logs/frontend_start.log
2025-05-01 21:54:02 - 主日志: ../logs/service_start.log
2025-05-01 21:54:02 - ======================================
2025-05-01 21:54:02 - 要停止所有服务，请运行:
2025-05-01 21:54:02 - kill -9 58890 59076
2025-05-01 21:54:02 - 
2025-05-01 21:54:02 - 请通过浏览器访问: http://localhost:3000
2025-05-01 21:54:02 - 如需访问修改后的确认对话框版本，请访问: http://localhost:3000/classic
2025-05-01 21:54:02 - ======================================
